  [4;36;1mSQL (0.2ms)[0m   [0;1mSET NAMES 'utf8'[0m
  [4;35;1mSQL (0.1ms)[0m   [0mSET SQL_AUTO_IS_NULL=0[0m


Processing HomeController#index (for 127.0.0.1 at 2012-03-23 16:56:58) [GET]
Rendering home/index
Completed in 62ms (View: 58, DB: 0) | 200 OK [http://localhost/]
  [4;36;1mSQL (0.2ms)[0m   [0;1mSET NAMES 'utf8'[0m
  [4;35;1mSQL (0.1ms)[0m   [0mSET SQL_AUTO_IS_NULL=0[0m


Processing HomeController#index (for 127.0.0.1 at 2012-03-23 17:00:46) [GET]
Rendering home/index

ActionView::TemplateError (undefined method `add_gritter' for #<ActionView::Base:0xb744d650>) on line #1 of app/views/home/index.html.erb:
1: <%= add_gritter("This is a notification just for you!") %>

    app/views/home/index.html.erb:1

Rendered rescues/_trace (106.8ms)
Rendered rescues/_request_and_response (1.8ms)
Rendering rescues/layout (internal_server_error)
  [4;36;1mSQL (0.2ms)[0m   [0;1mSET NAMES 'utf8'[0m
  [4;35;1mSQL (0.1ms)[0m   [0mSET SQL_AUTO_IS_NULL=0[0m


Processing HomeController#index (for 127.0.0.1 at 2012-03-23 17:05:18) [GET]
Rendering home/index

ActionView::TemplateError (undefined method `add_gritter' for #<ActionView::Base:0xb7499a14>) on line #1 of app/views/home/index.html.erb:
1: <%= add_gritter("This is a notification just for you!") %>

    app/views/home/index.html.erb:1

Rendered rescues/_trace (58.8ms)
Rendered rescues/_request_and_response (0.3ms)
Rendering rescues/layout (internal_server_error)
  [4;36;1mSQL (0.2ms)[0m   [0;1mSET NAMES 'utf8'[0m
  [4;35;1mSQL (0.1ms)[0m   [0mSET SQL_AUTO_IS_NULL=0[0m


Processing HomeController#index (for 127.0.0.1 at 2012-03-23 17:08:59) [GET]
Rendering home/index
Completed in 124ms (View: 120, DB: 0) | 200 OK [http://localhost/]
  [4;36;1mSQL (0.2ms)[0m   [0;1mSET NAMES 'utf8'[0m
  [4;35;1mSQL (0.1ms)[0m   [0mSET SQL_AUTO_IS_NULL=0[0m


Processing HomeController#index (for 127.0.0.1 at 2012-03-23 17:09:46) [GET]
Rendering home/index
Completed in 19ms (View: 14, DB: 0) | 200 OK [http://localhost/]
  [4;36;1mSQL (0.2ms)[0m   [0;1mSET NAMES 'utf8'[0m
  [4;35;1mSQL (0.2ms)[0m   [0mSET SQL_AUTO_IS_NULL=0[0m


Processing HomeController#index (for 127.0.0.1 at 2012-03-23 17:10:26) [GET]
Rendering home/index
Completed in 17ms (View: 13, DB: 0) | 200 OK [http://localhost/]
  [4;36;1mSQL (0.2ms)[0m   [0;1mSET NAMES 'utf8'[0m
  [4;35;1mSQL (0.1ms)[0m   [0mSET SQL_AUTO_IS_NULL=0[0m


Processing HomeController#index (for 127.0.0.1 at 2012-03-23 17:11:41) [GET]
Rendering template within layouts/application
Rendering home/index
Completed in 25ms (View: 21, DB: 0) | 200 OK [http://localhost/]
  [4;36;1mSQL (0.2ms)[0m   [0;1mSET NAMES 'utf8'[0m
  [4;35;1mSQL (0.1ms)[0m   [0mSET SQL_AUTO_IS_NULL=0[0m


Processing HomeController#index (for 127.0.0.1 at 2012-03-23 17:12:16) [GET]
Rendering template within layouts/application
Rendering home/index
Completed in 18ms (View: 14, DB: 0) | 200 OK [http://localhost/]
  [4;36;1mSQL (0.1ms)[0m   [0;1mSET NAMES 'utf8'[0m
  [4;35;1mSQL (0.1ms)[0m   [0mSET SQL_AUTO_IS_NULL=0[0m


Processing HomeController#index (for 127.0.0.1 at 2012-03-23 17:12:26) [GET]
Rendering template within layouts/application
Rendering home/index
Completed in 5ms (View: 2, DB: 0) | 200 OK [http://localhost/]
  [4;36;1mSQL (0.2ms)[0m   [0;1mSET NAMES 'utf8'[0m
  [4;35;1mSQL (0.1ms)[0m   [0mSET SQL_AUTO_IS_NULL=0[0m


Processing HomeController#index (for 127.0.0.1 at 2012-03-23 17:16:00) [GET]
Rendering template within layouts/application
Rendering home/index
Completed in 32ms (View: 17, DB: 0) | 200 OK [http://localhost/]
  [4;36;1mSQL (0.2ms)[0m   [0;1mSET NAMES 'utf8'[0m
  [4;35;1mSQL (0.1ms)[0m   [0mSET SQL_AUTO_IS_NULL=0[0m


Processing HomeController#index (for 127.0.0.1 at 2012-03-23 17:16:41) [GET]
Rendering template within layouts/application
Rendering home/index
Completed in 19ms (View: 14, DB: 0) | 200 OK [http://localhost/]
  [4;36;1mSQL (0.2ms)[0m   [0;1mSET NAMES 'utf8'[0m
  [4;35;1mSQL (0.2ms)[0m   [0mSET SQL_AUTO_IS_NULL=0[0m


Processing HomeController#index (for 127.0.0.1 at 2012-03-23 17:17:05) [GET]
Rendering template within layouts/application
Rendering home/index
Completed in 19ms (View: 14, DB: 0) | 200 OK [http://localhost/]
